0    DEBUG [2018-01-26 16:55:06]  Request:
1    DEBUG [2018-01-26 16:55:06]  POSThttps://api.weibo.com/oauth2/access_token
766  DEBUG [2018-01-26 16:55:07]  Response:
767  DEBUG [2018-01-26 16:55:07]  https StatusCode:200
767  DEBUG [2018-01-26 16:55:07]  Server:nginx/1.6.1
767  DEBUG [2018-01-26 16:55:07]  Date:Fri, 26 Jan 2018 08:55:03 GMT
768  DEBUG [2018-01-26 16:55:07]  Content-Type:application/json;charset=UTF-8
768  DEBUG [2018-01-26 16:55:07]  Content-Length:137
768  DEBUG [2018-01-26 16:55:07]  Connection:keep-alive
768  DEBUG [2018-01-26 16:55:07]  Pragma:No-cache
768  DEBUG [2018-01-26 16:55:07]  Cache-Control:no-cache
768  DEBUG [2018-01-26 16:55:07]  Expires:Thu, 01 Jan 1970 00:00:00 GMT
769  DEBUG [2018-01-26 16:55:07]  SINA-LB:aGEuMjIuZzEuc2UubGIuc2luYW5vZGUuY29t
769  DEBUG [2018-01-26 16:55:07]  SINA-TS:NGI4OGMzNjggMCAxIDEgNCA1NAo=
773  DEBUG [2018-01-26 16:55:07]  {"access_token":"2.00emXaGGhdYdKDb5c6f0ce7flqkSAB","remind_in":"157679999","expires_in":157679999,"uid":"5594164684","isRealName":"true"}

781  DEBUG [2018-01-26 16:55:07]  Request:
781  DEBUG [2018-01-26 16:55:07]  GET:https://api.weibo.com/2/users/show.json
784  DEBUG [2018-01-26 16:55:07]  Authorization: OAuth2 2.00emXaGGhdYdKDb5c6f0ce7flqkSAB
784  DEBUG [2018-01-26 16:55:07]  API-RemoteIP: 192.168.56.1
929  DEBUG [2018-01-26 16:55:07]  Response:
929  DEBUG [2018-01-26 16:55:07]  https StatusCode:200
930  DEBUG [2018-01-26 16:55:07]  Server:nginx/1.6.1
930  DEBUG [2018-01-26 16:55:07]  Date:Fri, 26 Jan 2018 08:55:04 GMT
930  DEBUG [2018-01-26 16:55:07]  Content-Type:application/json;charset=UTF-8
930  DEBUG [2018-01-26 16:55:07]  Transfer-Encoding:chunked
931  DEBUG [2018-01-26 16:55:07]  Connection:keep-alive
931  DEBUG [2018-01-26 16:55:07]  Vary:Accept-Encoding
931  DEBUG [2018-01-26 16:55:07]  SINA-LB:aGEuMTc1LmcxLnNlLmxiLnNpbmFub2RlLmNvbQ==
931  DEBUG [2018-01-26 16:55:07]  SINA-TS:NDg4OGMzNjggMCAxIDEgNiAxMDMK
932  DEBUG [2018-01-26 16:55:07]  {"id":5594164684,"idstr":"5594164684","class":1,"screen_name":"汪汪_13765","name":"汪汪_13765","province":"41","city":"1","location":"河南 郑州","description":"","url":"","profile_image_url":"http://tva1.sinaimg.cn/crop.0.0.720.720.50/0066AxMEjw8exz25kjajhj30k00k03zc.jpg","cover_image_phone":"http://ww4.sinaimg.cn/crop.0.0.640.640.640/6ce2240djw1e8iktk4ohij20hs0hsmz6.jpg","profile_url":"u/5594164684","domain":"","weihao":"","gender":"m","followers_count":21,"friends_count":144,"pagefriends_count":1,"statuses_count":0,"favourites_count":0,"created_at":"Fri Apr 24 09:17:49 +0800 2015","following":false,"allow_all_act_msg":false,"geo_enabled":true,"verified":false,"verified_type":-1,"remark":"","insecurity":{"sexual_content":false},"ptype":0,"allow_all_comment":true,"avatar_large":"http://tva1.sinaimg.cn/crop.0.0.720.720.180/0066AxMEjw8exz25kjajhj30k00k03zc.jpg","avatar_hd":"http://tva1.sinaimg.cn/crop.0.0.720.720.1024/0066AxMEjw8exz25kjajhj30k00k03zc.jpg","verified_reason":"","verified_trade":"","verified_reason_url":"","verified_source":"","verified_source_url":"","follow_me":false,"like":false,"like_me":false,"online_status":0,"bi_followers_count":3,"lang":"zh-cn","star":0,"mbtype":0,"mbrank":0,"block_word":0,"block_app":0,"credit_score":80,"user_ability":0,"urank":8,"story_read_state":-1,"vclub_member":0}

3607 DEBUG [2018-01-26 16:55:10]  Request:
3608 DEBUG [2018-01-26 16:55:10]  GET:https://api.weibo.com/2/account/end_session.json
3610 DEBUG [2018-01-26 16:55:10]  Authorization: OAuth2 2.00emXaGGhdYdKDb5c6f0ce7flqkSAB
3610 DEBUG [2018-01-26 16:55:10]  API-RemoteIP: 192.168.56.1
3655 DEBUG [2018-01-26 16:55:10]  Response:
3656 DEBUG [2018-01-26 16:55:10]  https StatusCode:403
3656 DEBUG [2018-01-26 16:55:10]  Server:nginx/1.6.1
3656 DEBUG [2018-01-26 16:55:10]  Date:Fri, 26 Jan 2018 08:55:06 GMT
3656 DEBUG [2018-01-26 16:55:10]  Content-Type:application/json;charset=UTF-8
3656 DEBUG [2018-01-26 16:55:10]  Transfer-Encoding:chunked
3656 DEBUG [2018-01-26 16:55:10]  Connection:keep-alive
3657 DEBUG [2018-01-26 16:55:10]  Vary:Accept-Encoding
3657 DEBUG [2018-01-26 16:55:10]  SINA-LB:aGEuMjIuZzEuc2UubGIuc2luYW5vZGUuY29t
3657 DEBUG [2018-01-26 16:55:10]  SINA-TS:NGQ4OGMzNjggMCAxIDEgNiA0Cg==
3657 DEBUG [2018-01-26 16:55:10]  {"error":"Insufficient app permissions!","error_code":10014,"request":"/2/account/end_session.json"}

